2025-06-29 22:35:40,538 [      2]   INFO - #c.i.i.AppStarter - ------------------------------------------------------ IDE STARTED ------------------------------------------------------
2025-06-29 22:35:40,539 [      3]   INFO - #c.i.i.p.PluginManager - Plugin PluginDescriptor(name=Groovy, id=org.intellij.groovy, descriptorPath=plugin.xml, path=~/.gradle/caches/modules-2/files-2.1/com.jetbrains.intellij.idea/ideaIC/2023.2.6/89eb58d1c063c9fbd762e99bc8abdbbc82aa9917/ideaIC-2023.2.6/plugins/Groovy, version=232.10300.40, package=org.jetbrains.plugins.groovy, isBundled=true) misses optional descriptor duplicates-groovy.xml
2025-06-29 22:35:40,538 [      2]   INFO - #c.i.p.d.t.i.TelemetryManagerImpl - Initializing telemetry tracer com.intellij.platform.diagnostic.telemetry.impl.TelemetryManagerImpl
2025-06-29 22:35:40,540 [      4]   INFO - #c.i.i.p.PluginManager - Plugin PluginDescriptor(name=Groovy, id=org.intellij.groovy, descriptorPath=plugin.xml, path=~/.gradle/caches/modules-2/files-2.1/com.jetbrains.intellij.idea/ideaIC/2023.2.6/89eb58d1c063c9fbd762e99bc8abdbbc82aa9917/ideaIC-2023.2.6/plugins/Groovy, version=232.10300.40, package=org.jetbrains.plugins.groovy, isBundled=true) misses optional descriptor duplicates-detection-groovy.xml
2025-06-29 22:35:40,541 [      5]   INFO - #c.i.u.EnvironmentUtil - loading shell env is skipped: IDE has been launched from a terminal (SHLVL=3)
2025-06-29 22:35:40,555 [     19]   INFO - #c.i.p.d.t.CsvMetricsExporter - open-telemetry-metrics-plotter.html is not found in classpath
2025-06-29 22:35:40,556 [     20]   INFO - #c.i.i.AppStarter - JNA library (64-bit) loaded in 15 ms
2025-06-29 22:35:40,557 [     21]   INFO - #c.i.i.AppStarter - IDE: IntelliJ IDEA (build #IC-232.10300.40, 14 Feb 2024 16:18)
2025-06-29 22:35:40,557 [     21]   INFO - #c.i.i.AppStarter - OS: Mac OS X (15.5)
2025-06-29 22:35:40,558 [     22]   INFO - #c.i.i.AppStarter - JRE: 17.0.10+7-b1000.48, aarch64 (JetBrains s.r.o.)
2025-06-29 22:35:40,558 [     22]   INFO - #c.i.i.AppStarter - JVM: 17.0.10+7-b1000.48 (OpenJDK 64-Bit Server VM)
2025-06-29 22:35:40,560 [     24]   INFO - #c.i.i.AppStarter - PID: 37260
2025-06-29 22:35:40,561 [     25]   INFO - #c.i.i.AppStarter - JVM options: [-Daether.connector.resumeDownloads=false, -Dapple.awt.application.appearance=system, -Dapple.awt.fileDialogForDirectories=true, -Dapple.laf.useScreenMenuBar=true, -Didea.auto.reload.plugins=true, -Didea.classpath.index.enabled=false, -Didea.config.path=/Users/skarlso/goprojects/crd-to-sample-yaml/intellij-plugin/build/idea-sandbox/config, -Didea.is.internal=true, -Didea.log.path=/Users/skarlso/goprojects/crd-to-sample-yaml/intellij-plugin/build/idea-sandbox/system/log, -Didea.paths.selector=IdeaIC2023.2, -Didea.platform.prefix=Idea, -Didea.plugin.in.sandbox.mode=true, -Didea.plugins.path=/Users/skarlso/goprojects/crd-to-sample-yaml/intellij-plugin/build/idea-sandbox/plugins, -Didea.required.plugins.id=com.skarlso.crd-to-sample-yaml, -Didea.smooth.progress=false, -Didea.system.path=/Users/skarlso/goprojects/crd-to-sample-yaml/intellij-plugin/build/idea-sandbox/system, -Didea.vendor.name=JetBrains, -Djava.system.class.loader=com.intellij.util.lang.PathClassLoader, -Djbr.catch.SIGABRT=true, -Djdk.attach.allowAttachSelf=true, -Djdk.http.auth.tunneling.disabledSchemes="", -Djdk.module.illegalAccess.silent=true, -Djna.boot.library.path=/Users/skarlso/.gradle/caches/modules-2/files-2.1/com.jetbrains.intellij.idea/ideaIC/2023.2.6/89eb58d1c063c9fbd762e99bc8abdbbc82aa9917/ideaIC-2023.2.6/lib/jna/aarch64, -Djna.noclasspath=true, -Djna.nosys=true, -Dpty4j.preferred.native.folder=/Users/skarlso/.gradle/caches/modules-2/files-2.1/com.jetbrains.intellij.idea/ideaIC/2023.2.6/89eb58d1c063c9fbd762e99bc8abdbbc82aa9917/ideaIC-2023.2.6/lib/pty4j, -Dsplash=true, -Dsun.io.useCanonCaches=false, -Dsun.java2d.metal=true, -XX:ReservedCodeCacheSize=512m, -XX:+UseG1GC, -XX:SoftRefLRUPolicyMSPerMB=50, -XX:CICompilerCount=2, -XX:+HeapDumpOnOutOfMemoryError, -XX:-OmitStackTraceInFastThrow, -XX:+IgnoreUnrecognizedVMOptions, -XX:CompileCommand=exclude,com/intellij/openapi/vfs/impl/FilePartNodeRoot,trieDescend, -javaagent:/Users/skarlso/goprojects/crd-to-sample-yaml/intellij-plugin/build/tmp/initializeIntelliJPlugin/coroutines-javaagent.jar, --add-opens=java.base/java.io=ALL-UNNAMED, --add-opens=java.base/java.lang=ALL-UNNAMED, --add-opens=java.base/java.lang.ref=ALL-UNNAMED, --add-opens=java.base/java.lang.reflect=ALL-UNNAMED, --add-opens=java.base/java.net=ALL-UNNAMED, --add-opens=java.base/java.nio=ALL-UNNAMED, --add-opens=java.base/java.nio.charset=ALL-UNNAMED, --add-opens=java.base/java.text=ALL-UNNAMED, --add-opens=java.base/java.time=ALL-UNNAMED, --add-opens=java.base/java.util=ALL-UNNAMED, --add-opens=java.base/java.util.concurrent=ALL-UNNAMED, --add-opens=java.base/java.util.concurrent.atomic=ALL-UNNAMED, --add-opens=java.base/jdk.internal.vm=ALL-UNNAMED, --add-opens=java.base/sun.nio.ch=ALL-UNNAMED, --add-opens=java.base/sun.nio.fs=ALL-UNNAMED, --add-opens=java.base/sun.security.ssl=ALL-UNNAMED, --add-opens=java.base/sun.security.util=ALL-UNNAMED, --add-opens=java.base/sun.net.dns=ALL-UNNAMED, --add-opens=java.desktop/com.apple.eawt=ALL-UNNAMED, --add-opens=java.desktop/com.apple.eawt.event=ALL-UNNAMED, --add-opens=java.desktop/com.apple.laf=ALL-UNNAMED, --add-opens=java.desktop/java.awt=ALL-UNNAMED, --add-opens=java.desktop/java.awt.dnd.peer=ALL-UNNAMED, --add-opens=java.desktop/java.awt.event=ALL-UNNAMED, --add-opens=java.desktop/java.awt.image=ALL-UNNAMED, --add-opens=java.desktop/java.awt.peer=ALL-UNNAMED, --add-opens=java.desktop/java.awt.font=ALL-UNNAMED, --add-opens=java.desktop/javax.swing=ALL-UNNAMED, --add-opens=java.desktop/javax.swing.plaf.basic=ALL-UNNAMED, --add-opens=java.desktop/javax.swing.text.html=ALL-UNNAMED, --add-opens=java.desktop/sun.awt.datatransfer=ALL-UNNAMED, --add-opens=java.desktop/sun.awt.image=ALL-UNNAMED, --add-opens=java.desktop/sun.awt=ALL-UNNAMED, --add-opens=java.desktop/sun.font=ALL-UNNAMED, --add-opens=java.desktop/sun.java2d=ALL-UNNAMED, --add-opens=java.desktop/sun.lwawt=ALL-UNNAMED, --add-opens=java.desktop/sun.lwawt.macosx=ALL-UNNAMED, --add-opens=java.desktop/sun.swing=ALL-UNNAMED, --add-opens=java.desktop/com.sun.java.swing=ALL-UNNAMED, --add-opens=jdk.attach/sun.tools.attach=ALL-UNNAMED, --add-opens=jdk.compiler/com.sun.tools.javac.api=ALL-UNNAMED, --add-opens=jdk.internal.jvmstat/sun.jvmstat.monitor=ALL-UNNAMED, --add-opens=jdk.jdi/com.sun.tools.jdi=ALL-UNNAMED, -Xms128m, -Xmx2048m, -Dfile.encoding=UTF-8, -Duser.country=US, -Duser.language=en, -Duser.variant, -ea]
2025-06-29 22:35:40,561 [     25]   INFO - #c.i.i.AppStarter - args: traverseUI /Users/skarlso/goprojects/crd-to-sample-yaml/intellij-plugin/build/searchableOptions true
2025-06-29 22:35:40,561 [     25]   INFO - #c.i.i.AppStarter - library path: /Users/skarlso/Library/Java/Extensions:/Library/Java/Extensions:/Network/Library/Java/Extensions:/System/Library/Java/Extensions:/usr/lib/java:.
2025-06-29 22:35:40,561 [     25]   INFO - #c.i.i.AppStarter - boot library path: /Users/skarlso/.gradle/caches/modules-2/files-2.1/com.jetbrains/jbre/jbr_jcef-17.0.10-osx-aarch64-b1000.48/extracted/jbr_jcef-17.0.10-osx-aarch64-b1000.48/Contents/Home/lib
2025-06-29 22:35:40,567 [     31]   INFO - #c.i.i.AppStarter - locale=en_US JNU=UTF-8 file.encoding=UTF-8
    idea.config.path=/Users/skarlso/goprojects/crd-to-sample-yaml/intellij-plugin/build/idea-sandbox/config
    idea.system.path=/Users/skarlso/goprojects/crd-to-sample-yaml/intellij-plugin/build/idea-sandbox/system
    idea.plugins.path=/Users/skarlso/goprojects/crd-to-sample-yaml/intellij-plugin/build/idea-sandbox/plugins
    idea.log.path=/Users/skarlso/goprojects/crd-to-sample-yaml/intellij-plugin/build/idea-sandbox/system/log
2025-06-29 22:35:40,569 [     33]   INFO - #c.i.i.AppStarter - CPU cores: 14; ForkJoinPool.commonPool: java.util.concurrent.ForkJoinPool@6c2d3eea[Running, parallelism = 14, size = 0, active = 0, running = 0, steals = 0, tasks = 0, submissions = 0]; factory: com.intellij.concurrency.IdeaForkJoinWorkerThreadFactory@c3d7b8f
2025-06-29 22:35:40,574 [     38]   INFO - #c.i.i.p.PluginManager - Module intellij.sh.python is not enabled because dependency com.intellij.modules.python is not available
Module intellij.space.gateway is not enabled because dependency com.jetbrains.gateway is not available
Module intellij.space.php is not enabled because dependency com.jetbrains.php is not available
Module intellij.space.index is not enabled because dependency intellij.indexing.shared is not available
Module intellij.qodana.jvm.swagger is not enabled because dependency com.intellij.swagger is not available
Module intellij.qodana.php is not enabled because dependency com.jetbrains.php is not available
Module intellij.qodana.js is not enabled because dependency JavaScript is not available
2025-06-29 22:35:40,579 [     43]   INFO - #c.i.i.p.PluginManager - Loaded bundled plugins: Gradle DSL API (232.10300.40), Async Profiler for IDE Performance Testing (232.10300.40), Gradle Dependency Updater Implementation (232.10300.40), Code With Me (232.10300.40), JetBrains maven model api classes (232.10300.40), Package Checker (232.10300.40), IntelliLang (232.10300.40), Settings Sync (232.10300.40), Shell Script (232.10300.40), YAML (232.10300.40), Git (232.10300.40), UI Designer (232.10300.40), Eclipse Keymap (232.10300.40), GitLab (232.10300.40), Terminal (232.10300.40), Gradle (232.10300.40), XPathView + XSLT (232.10300.40), GitHub (232.10300.40), Maven (232.10300.40), Bytecode Viewer (232.10300.40), Java Bytecode Decompiler (232.10300.40), Properties (232.10300.40), HTML Tools (232.10300.40), Eclipse Interoperability (232.10300.40), Java Stream Debugger (232.10300.40), Perforce Helix Core (232.10300.40), Markdown (232.10300.40), JUnit (232.10300.40), Machine Learning in Search Everywhere (232.10300.40), Shared Indexes (232.10300.40), WebP Support (232.10300.40), Emoji Picker (232.10300.40), Projector Libraries for Code With Me and Remote Development (232.10300.40), Toml (232.10300.40), Images (232.10300.40), Qodana (232.10300.40), Visual Studio Keymap (232.10300.40), Mercurial (232.10300.40), Java Internationalization (232.10300.40), Performance Testing (232.10300.40), JetBrains Repository Search (232.10300.40), JetBrains Marketplace Licensing (232.10300.40), Kotlin (232-1.9.0-IJ10300.40), Gradle-Java-Analysis (232.10300.40), Subversion (232.10300.40), Maven server api classes (232.10300.40), Grazie Lite (232.10300.40), Ant (232.10300.40), Java IDE Customization (232.10300.40), Java (232.10300.40), Machine Learning Code Completion (232.10300.40), Plugin DevKit (232.10300.40), TextMate Bundles (232.10300.40), Gradle-Maven (232.10300.40), Gradle-Java (232.10300.40), TestNG (232.10300.40), Groovy (232.10300.40), com.intellij.dev (232.10300.40), NetBeans Keymap (232.10300.40), Android Design Tools (232.10300.40), IDEA CORE (232.10300.40), Task Management (232.10300.40), Configuration Script (232.10300.40), IDE Features Trainer (232.10300.40), Copyright (232.10300.40), JavaFX (232.10300.40), com.intellij.tracing.ide (232.10300.40), Code Coverage for Java (232.10300.40), Android (2022.3.1 Final.232.10300.40), Space (232.10300.40), EditorConfig (232.10300.40)
2025-06-29 22:35:40,580 [     44]   INFO - #c.i.i.p.PluginManager - Loaded custom plugins: CRD to Sample YAML (1.0.0)
2025-06-29 22:35:40,660 [    124]   INFO - #c.i.a.o.PathMacrosImpl - Loaded path macros: {MAVEN_REPOSITORY=/Users/skarlso/.m2/repository}
2025-06-29 22:35:40,665 [    129]   INFO - #c.i.i.p.ExpiredPluginsState - Plugins to skip: []
2025-06-29 22:35:40,684 [    148]   INFO - #c.i.u.i.PageCacheUtils - File page caching params:
2025-06-29 22:35:40,684 [    148]   INFO - #c.i.u.i.PageCacheUtils - 	DEFAULT_PAGE_SIZE:10485760
2025-06-29 22:35:40,684 [    148]   INFO - #c.i.u.i.PageCacheUtils - 	FilePageCache: regular
2025-06-29 22:35:40,684 [    148]   INFO - #c.i.u.i.PageCacheUtils - 	DirectByteBuffers pool: 104857600 bytes
2025-06-29 22:35:40,688 [    152]   INFO - #c.i.o.v.n.p.PersistentFSConnector - VFS uses strict names enumerator
2025-06-29 22:35:40,699 [    163]   INFO - #c.i.o.v.n.p.PersistentFSConnector - VFS uses new (streamlined) attributes storage
2025-06-29 22:35:40,709 [    173]   INFO - #c.i.o.v.n.p.FSRecords - using OVER_MMAPPED_FILE storage for VFS records
2025-06-29 22:35:40,715 [    179]   INFO - #c.i.o.v.n.p.PersistentFSConnector - VFS: impl (expected) version=576319, 0 file records, 0 content blobs
2025-06-29 22:35:40,717 [    181]   INFO - #c.i.o.v.n.p.PersistentFSConnector - 0 ms to self-checks, load free records and inverted name index
2025-06-29 22:35:40,728 [    192]   INFO - #o.j.i.BuiltInServerManager - built-in server started, port 63343
2025-06-29 22:35:40,737 [    201]   INFO - #c.i.o.v.i.l.NativeFileWatcherImpl - Native file watcher is disabled
2025-06-29 22:35:40,754 [    218]   INFO - #com.android.tools.idea.serverflags.ServerFlagInitializer - Enabled server flags: 
2025-06-29 22:35:40,775 [    239]   INFO - #c.i.u.n.s.CertificateManager - Default SSL context initialized
2025-06-29 22:35:40,832 [    296]   INFO - #c.i.o.v.n.p.FSRecords - VFS health-check disabled
2025-06-29 22:35:40,854 [    318]   INFO - #c.j.r.p.c.p.w.s.WireStorage - Start Wire Storage check: Check Wire Buffer Size
2025-06-29 22:35:40,887 [    351]   INFO - #c.i.o.a.Experiments - Experimental features enabled for user: wsl.p9.support, wsl.prefer.p9.support, wsl.p9.show.roots.in.file.chooser, wsl.execute.with.wsl.exe, linux.native.menu, recent.and.edited.files.together, show.create.new.element.in.popup, search.everywhere.mixed.results, new.project.wizard, editor.reader.mode, new.large.text.file.viewer, terminal.shell.command.handling
2025-06-29 22:35:40,915 [    379]   INFO - #c.i.i.s.p.i.SharedIndexMainZipStorage - Shared Indexes Storage is opened and empty
2025-06-29 22:35:41,127 [    591]   INFO - #c.i.u.i.FileBasedIndexImpl - Indices to be built:org.jetbrains.kotlin.idea.vfilefinder.KotlinJvmModuleAnnotationsIndex(v = 1),org.jetbrains.kotlin.idea.vfilefinder.KlibMetaFileIndex(v = 4),com.android.tools.idea.model.AndroidManifestIndex(v = 10),xmlProperties(v = 2),TodoIndex(v = 13),SchemaTypeInheritance(v = 2),Trigram.Index(v = 4),html5.custom.attributes.index(v = 1),FrameworkDetectionIndex(v = 65536),org.jetbrains.kotlin.idea.vfilefinder.KotlinShortClassNameFileIndex(v = 3),yaml.keys.name(v = 1),java.source.module.name(v = 4),BindingXmlIndex(v = 10),HtmlTagIdIndex(v = 3),javafx.custom.component(v = 2),org.jetbrains.kotlin.idea.base.indices.names.KotlinTopLevelClassLikeDeclarationByPackageShortNameIndex(v = 2),FilenameIndex(v = 258),org.jetbrains.kotlin.idea.base.indices.names.KotlinTopLevelCallableByPackageShortNameIndex(v = 2),java.auto.module.name(v = 6),ant-imports(v = 5),org.jetbrains.kotlin.idea.vfilefinder.KotlinBuiltInsMetadataIndex(v = 4),PluginIdDependenciesIndex(v = 5),org.jetbrains.kotlin.idea.vfilefinder.KotlinStdlibIndex(v = 1),XsltSymbolIndex(v = 0),org.jetbrains.kotlin.idea.vfilefinder.KotlinPackageSourcesMemberNamesIndex(v = 2),NavXmlIndex(v = 10),com.intellij.uiDesigner.FormClassIndex(v = 0),bytecodeAnalysis(v = 11),org.jetbrains.kotlin.idea.vfilefinder.KotlinClassFileIndex(v = 3),devkit.ExtensionPointIndex(v = 0),org.jetbrains.kotlin.idea.vfilefinder.KotlinPartialPackageNamesIndex(v = 4),org.jetbrains.kotlin.idea.vfilefinder.KotlinMetadataFilePackageIndex(v = 2),XmlTagNames(v = 1),editorconfig.index.name(v = 5),java.binary.plus.expression(v = 4),javafx.id.name(v = 3),json.file.root.values(v = 5),JavaFxControllerClassIndex(v = 1),IdIndex(v = 22),filetypes(v = 4096),java.null.method.argument(v = 1),org.jetbrains.kotlin.idea.vfilefinder.KotlinModuleMappingIndex(v = 5),DomFileIndex(v = 0),org.jetbrains.kotlin.idea.vfilefinder.KotlinMetadataFileIndex(v = 2),fileIncludes(v = 6),IdeaPluginRegistrationIndex(v = 8),PluginIdModuleIndex(v = 2),XmlNamespaces(v = 8),Stubs(v = 46),devkit.ExtensionPointClassIndex(v = 1),org.jetbrains.kotlin.idea.versions.KotlinJsMetadataVersionIndex(v = 3),org.jetbrains.kotlin.idea.versions.KotlinJvmMetadataVersionIndex(v = 5),RelaxSymbolIndex(v = 0),java.fun.expression(v = 6),org.jetbrains.kotlin.idea.vfilefinder.KotlinJavaScriptMetaFileIndex(v = 4)
2025-06-29 22:35:41,128 [    592]   INFO - #c.i.u.i.FileBasedIndexImpl - Using nice flusher for indexes
2025-06-29 22:35:41,130 [    594]   INFO - #c.i.u.i.IndexDataInitializer - Index data initialization done: 294 ms. Initialized indexes: [filetypes, FilenameIndex, XmlTagNames, RelaxSymbolIndex, SchemaTypeInheritance, json.file.root.values, editorconfig.index.name, html5.custom.attributes.index, Trigram.Index, XmlNamespaces, DomFileIndex, TodoIndex, FrameworkDetectionIndex, fileIncludes, IdIndex, java.auto.module.name, HtmlTagIdIndex, java.source.module.name, yaml.keys.name, XsltSymbolIndex, java.null.method.argument, java.fun.expression, java.binary.plus.expression, IdeaPluginRegistrationIndex, PluginIdModuleIndex, bytecodeAnalysis, xmlProperties, devkit.ExtensionPointIndex, PluginIdDependenciesIndex, ant-imports, devkit.ExtensionPointClassIndex, org.jetbrains.kotlin.idea.vfilefinder.KotlinPartialPackageNamesIndex, JavaFxControllerClassIndex, javafx.id.name, org.jetbrains.kotlin.idea.vfilefinder.KotlinJavaScriptMetaFileIndex, org.jetbrains.kotlin.idea.vfilefinder.KotlinMetadataFilePackageIndex, javafx.custom.component, org.jetbrains.kotlin.idea.versions.KotlinJsMetadataVersionIndex, org.jetbrains.kotlin.idea.vfilefinder.KotlinMetadataFileIndex, org.jetbrains.kotlin.idea.vfilefinder.KotlinPackageSourcesMemberNamesIndex, org.jetbrains.kotlin.idea.versions.KotlinJvmMetadataVersionIndex, org.jetbrains.kotlin.idea.vfilefinder.KotlinModuleMappingIndex, org.jetbrains.kotlin.idea.vfilefinder.KotlinJvmModuleAnnotationsIndex, org.jetbrains.kotlin.idea.vfilefinder.KotlinClassFileIndex, org.jetbrains.kotlin.idea.vfilefinder.KotlinBuiltInsMetadataIndex, org.jetbrains.kotlin.idea.vfilefinder.KotlinStdlibIndex, NavXmlIndex, org.jetbrains.kotlin.idea.vfilefinder.KotlinShortClassNameFileIndex, BindingXmlIndex, com.intellij.uiDesigner.FormClassIndex, org.jetbrains.kotlin.idea.base.indices.names.KotlinTopLevelClassLikeDeclarationByPackageShortNameIndex, org.jetbrains.kotlin.idea.vfilefinder.KlibMetaFileIndex, org.jetbrains.kotlin.idea.base.indices.names.KotlinTopLevelCallableByPackageShortNameIndex, com.android.tools.idea.model.AndroidManifestIndex, Stubs].
2025-06-29 22:35:41,269 [    733]   INFO - #c.i.p.s.StubIndexImpl - Following stub indices will be built:gr.class.super(v = 5),java.class.shortname(v = 4),org.jetbrains.kotlin.idea.stubindex.KotlinTopLevelTypeAliasByPackageIndex(v = 2),java.anonymous.baseref(v = 2),org.jetbrains.kotlin.idea.stubindex.KotlinTopLevelFunctionByPackageIndex(v = 2),gr.script.class(v = 5),gr.script.fqn(v = 5),org.jetbrains.kotlin.idea.stubindex.KotlinProbablyContractedFunctionShortNameIndex(v = 2),java.method.name(v = 2),org.jetbrains.kotlin.idea.stubindex.KotlinProbablyNothingPropertyShortNameIndex(v = 2),org.jetbrains.kotlin.idea.stubindex.KotlinFunctionShortNameIndex(v = 2),org.jetbrains.kotlin.idea.stubindex.KotlinTypeAliasByExpansionShortNameIndex(v = 2),gr.annot.method.name(v = 5),org.jetbrains.kotlin.idea.stubindex.KotlinTopLevelPropertyByPackageIndex(v = 2),markdown.header(v = 2),jvm.static.member.name(v = 2),org.jetbrains.kotlin.idea.stubindex.KotlinInnerTypeAliasClassIdIndex(v = 2),java.annotations(v = 2),org.jetbrains.kotlin.idea.stubindex.KotlinFileFacadeFqNameIndex(v = 2),org.jetbrains.kotlin.idea.stubindex.KotlinFileFacadeShortNameIndex(v = 2),org.jetbrains.kotlin.idea.stubindex.KotlinProbablyNothingFunctionShortNameIndex(v = 2),org.jetbrains.kotlin.idea.stubindex.KotlinSuperClassIndex(v = 2),java.module.name(v = 4),org.jetbrains.kotlin.idea.stubindex.KotlinExactPackagesIndex(v = 2),org.jetbrains.kotlin.idea.stubindex.KotlinOverridableInternalMembersShortNameIndex(v = 2),dom.elementClass(v = 0),org.jetbrains.kotlin.idea.stubindex.KotlinTypeAliasShortNameIndex(v = 2),org.jetbrains.kotlin.idea.stubindex.KotlinExtensionsInObjectsByReceiverTypeIndex(v = 2),gr.field.name(v = 5),org.jetbrains.kotlin.idea.stubindex.KotlinAnnotationsIndex(v = 3),org.jetbrains.kotlin.idea.stubindex.KotlinPropertyShortNameIndex(v = 2),org.jetbrains.kotlin.idea.stubindex.KotlinJvmNameAnnotationIndex(v = 2),org.jetbrains.kotlin.idea.stubindex.KotlinTopLevelExtensionsByReceiverTypeIndex(v = 3),java.class.extlist(v = 3),org.jetbrains.kotlin.idea.stubindex.KotlinFilePartClassIndex(v = 2),org.jetbrains.kotlin.idea.stubindex.KotlinTopLevelClassByPackageIndex(v = 2),gr.class.fqn(v = 4),java.field.name(v = 2),dom.namespaceKey(v = 1),kotlin.primeIndexKey(v = 2),gr.annot.members(v = 5),properties.index(v = 2),org.jetbrains.kotlin.idea.stubindex.KotlinTopLevelFunctionFqnNameIndex(v = 2),org.jetbrains.kotlin.idea.stubindex.KotlinTopLevelPropertyFqnNameIndex(v = 2),markdown.header.anchor(v = 2),org.jetbrains.kotlin.idea.stubindex.KotlinClassShortNameIndex(v = 2),gr.class.fqn.s(v = 5),java.class.fqn(v = 1),org.jetbrains.kotlin.idea.stubindex.KotlinScriptFqnIndex(v = 2),org.jetbrains.kotlin.idea.stubindex.KotlinMultifileClassPartIndex(v = 2),org.jetbrains.kotlin.idea.stubindex.KotlinSubclassObjectNameIndex(v = 2),gr.anonymous.class(v = 6),gr.script.fqn.s(v = 5),org.jetbrains.kotlin.idea.stubindex.KotlinTopLevelTypeAliasFqNameIndex(v = 2),org.jetbrains.kotlin.idea.stubindex.KotlinFileFacadeClassByPackageIndex(v = 2),gr.method.name(v = 5),java.method.parameter.types(v = 3),org.jetbrains.kotlin.idea.stubindex.KotlinFullClassNameIndex(v = 2),jvm.static.member.type(v = 2)
2025-06-29 22:35:41,270 [    734]   INFO - #c.i.u.i.IndexDataInitializer - Index data initialization done: 139 ms. Initialized stub indexes: {java.module.name, gr.script.fqn.s, org.jetbrains.kotlin.idea.stubindex.KotlinInnerTypeAliasClassIdIndex, kotlin.primeIndexKey, org.jetbrains.kotlin.idea.stubindex.KotlinSubclassObjectNameIndex, gr.class.fqn, org.jetbrains.kotlin.idea.stubindex.KotlinTopLevelPropertyByPackageIndex, org.jetbrains.kotlin.idea.stubindex.KotlinTopLevelTypeAliasFqNameIndex, org.jetbrains.kotlin.idea.stubindex.KotlinTopLevelPropertyFqnNameIndex, org.jetbrains.kotlin.idea.stubindex.KotlinMultifileClassPartIndex, java.class.fqn, org.jetbrains.kotlin.idea.stubindex.KotlinExactPackagesIndex, org.jetbrains.kotlin.idea.stubindex.KotlinFileFacadeClassByPackageIndex, gr.field.name, org.jetbrains.kotlin.idea.stubindex.KotlinProbablyNothingFunctionShortNameIndex, jvm.static.member.name, org.jetbrains.kotlin.idea.stubindex.KotlinClassShortNameIndex, org.jetbrains.kotlin.idea.stubindex.KotlinFullClassNameIndex, org.jetbrains.kotlin.idea.stubindex.KotlinOverridableInternalMembersShortNameIndex, gr.method.name, org.jetbrains.kotlin.idea.stubindex.KotlinFunctionShortNameIndex, org.jetbrains.kotlin.idea.stubindex.KotlinScriptFqnIndex, org.jetbrains.kotlin.idea.stubindex.KotlinProbablyNothingPropertyShortNameIndex, java.class.shortname, org.jetbrains.kotlin.idea.stubindex.KotlinTopLevelFunctionFqnNameIndex, gr.script.fqn, org.jetbrains.kotlin.idea.stubindex.KotlinPropertyShortNameIndex, java.field.name, org.jetbrains.kotlin.idea.stubindex.KotlinFilePartClassIndex, org.jetbrains.kotlin.idea.stubindex.KotlinTypeAliasShortNameIndex, org.jetbrains.kotlin.idea.stubindex.KotlinExtensionsInObjectsByReceiverTypeIndex, org.jetbrains.kotlin.idea.stubindex.KotlinFileFacadeShortNameIndex, java.method.name, java.method.parameter.types, gr.annot.method.name, properties.index, org.jetbrains.kotlin.idea.stubindex.KotlinTopLevelFunctionByPackageIndex, org.jetbrains.kotlin.idea.stubindex.KotlinTypeAliasByExpansionShortNameIndex, jvm.static.member.type, org.jetbrains.kotlin.idea.stubindex.KotlinTopLevelExtensionsByReceiverTypeIndex, org.jetbrains.kotlin.idea.stubindex.KotlinAnnotationsIndex, dom.elementClass, markdown.header.anchor, org.jetbrains.kotlin.idea.stubindex.KotlinProbablyContractedFunctionShortNameIndex, org.jetbrains.kotlin.idea.stubindex.KotlinTopLevelTypeAliasByPackageIndex, gr.annot.members, org.jetbrains.kotlin.idea.stubindex.KotlinFileFacadeFqNameIndex, gr.class.fqn.s, gr.script.class, org.jetbrains.kotlin.idea.stubindex.KotlinSuperClassIndex, markdown.header, java.annotations, gr.anonymous.class, java.class.extlist, gr.class.super, org.jetbrains.kotlin.idea.stubindex.KotlinTopLevelClassByPackageIndex, dom.namespaceKey, java.anonymous.baseref, org.jetbrains.kotlin.idea.stubindex.KotlinJvmNameAnnotationIndex}.
2025-06-29 22:35:41,314 [    778]   INFO - #c.i.i.p.DisabledPluginsState - Plugins to enable: [com.jetbrains.codeWithMe]
2025-06-29 22:35:41,314 [    778]   INFO - #c.i.i.p.DisabledPluginsState - Plugins to enable: [com.jetbrains.codeWithMe]
2025-06-29 22:35:41,316 [    780] SEVERE - #c.i.o.a.i.CoroutineExceptionHandlerImpl - Unhandled exception in [CoroutineId(114), "coroutine#114":StandaloneCoroutine{Cancelling}@67283180, Dispatchers.Default]
java.util.ConcurrentModificationException
	at java.base/java.util.ArrayList$Itr.checkForComodification(ArrayList.java:1013)
	at java.base/java.util.ArrayList$Itr.next(ArrayList.java:967)
	at java.base/jdk.internal.reflect.GeneratedMethodAccessor11.invoke(Unknown Source)
	at java.base/jdk.internal.reflect.DelegatingMethodAccessorImpl.invoke(DelegatingMethodAccessorImpl.java:43)
	at java.base/java.lang.reflect.Method.invoke(Method.java:568)
	at com.h.Z.h.L.Z2.h(Z2.java:188)
	at com.h.Z.h.L.Z2.h(Z2.java:132)
	at java.base/jdk.internal.reflect.NativeMethodAccessorImpl.invoke0(Native Method)
	at java.base/jdk.internal.reflect.NativeMethodAccessorImpl.invoke(NativeMethodAccessorImpl.java:77)
	at java.base/jdk.internal.reflect.DelegatingMethodAccessorImpl.invoke(DelegatingMethodAccessorImpl.java:43)
	at java.base/java.lang.reflect.Method.invoke(Method.java:568)
	at com.h.Z.h.L.Z1.invokeSuspend(Z1.java:16)
	at kotlin.coroutines.jvm.internal.BaseContinuationImpl.resumeWith(ContinuationImpl.kt:33)
	at kotlinx.coroutines.DispatchedTask.run(DispatchedTask.kt:106)
	at kotlinx.coroutines.scheduling.CoroutineScheduler.runSafely(CoroutineScheduler.kt:584)
	at kotlinx.coroutines.scheduling.CoroutineScheduler$Worker.executeTask(CoroutineScheduler.kt:793)
	at kotlinx.coroutines.scheduling.CoroutineScheduler$Worker.runWorker(CoroutineScheduler.kt:697)
	at kotlinx.coroutines.scheduling.CoroutineScheduler$Worker.run(CoroutineScheduler.kt:684)
2025-06-29 22:35:41,317 [    781] SEVERE - #c.i.o.a.i.CoroutineExceptionHandlerImpl - IntelliJ IDEA 2023.2.6  Build #IC-232.10300.40
2025-06-29 22:35:41,318 [    782] SEVERE - #c.i.o.a.i.CoroutineExceptionHandlerImpl - JDK: 17.0.10; VM: OpenJDK 64-Bit Server VM; Vendor: JetBrains s.r.o.
2025-06-29 22:35:41,318 [    782] SEVERE - #c.i.o.a.i.CoroutineExceptionHandlerImpl - OS: Mac OS X
2025-06-29 22:35:41,323 [    787]   INFO - STDERR - Exception in thread "DefaultDispatcher-worker-31 @coroutine#114" java.util.ConcurrentModificationException
2025-06-29 22:35:41,323 [    787]   INFO - STDERR - 	at java.base/java.util.ArrayList$Itr.checkForComodification(ArrayList.java:1013)
2025-06-29 22:35:41,323 [    787]   INFO - STDERR - 	at java.base/java.util.ArrayList$Itr.next(ArrayList.java:967)
2025-06-29 22:35:41,323 [    787]   INFO - STDERR - 	at java.base/jdk.internal.reflect.GeneratedMethodAccessor11.invoke(Unknown Source)
2025-06-29 22:35:41,323 [    787]   INFO - STDERR - 	at java.base/jdk.internal.reflect.DelegatingMethodAccessorImpl.invoke(DelegatingMethodAccessorImpl.java:43)
2025-06-29 22:35:41,323 [    787]   INFO - STDERR - 	at java.base/java.lang.reflect.Method.invoke(Method.java:568)
2025-06-29 22:35:41,324 [    788]   INFO - STDERR - 	at com.h.Z.h.L.Z2.h(Z2.java:188)
2025-06-29 22:35:41,324 [    788]   INFO - STDERR - 	at com.h.Z.h.L.Z2.h(Z2.java:132)
2025-06-29 22:35:41,324 [    788]   INFO - STDERR - 	at java.base/jdk.internal.reflect.NativeMethodAccessorImpl.invoke0(Native Method)
2025-06-29 22:35:41,324 [    788]   INFO - STDERR - 	at java.base/jdk.internal.reflect.NativeMethodAccessorImpl.invoke(NativeMethodAccessorImpl.java:77)
2025-06-29 22:35:41,324 [    788]   INFO - STDERR - 	at java.base/jdk.internal.reflect.DelegatingMethodAccessorImpl.invoke(DelegatingMethodAccessorImpl.java:43)
2025-06-29 22:35:41,324 [    788]   INFO - STDERR - 	at java.base/java.lang.reflect.Method.invoke(Method.java:568)
2025-06-29 22:35:41,324 [    788]   INFO - STDERR - 	at com.h.Z.h.L.Z1.invokeSuspend(Z1.java:16)
2025-06-29 22:35:41,324 [    788]   INFO - STDERR - 	at kotlin.coroutines.jvm.internal.BaseContinuationImpl.resumeWith(ContinuationImpl.kt:33)
2025-06-29 22:35:41,324 [    788]   INFO - STDERR - 	at kotlinx.coroutines.DispatchedTask.run(DispatchedTask.kt:106)
2025-06-29 22:35:41,324 [    788]   INFO - STDERR - 	at kotlinx.coroutines.scheduling.CoroutineScheduler.runSafely(CoroutineScheduler.kt:584)
2025-06-29 22:35:41,324 [    788]   INFO - STDERR - 	at kotlinx.coroutines.scheduling.CoroutineScheduler$Worker.executeTask(CoroutineScheduler.kt:793)
2025-06-29 22:35:41,324 [    788]   INFO - STDERR - 	at kotlinx.coroutines.scheduling.CoroutineScheduler$Worker.runWorker(CoroutineScheduler.kt:697)
2025-06-29 22:35:41,324 [    788]   INFO - STDERR - 	at kotlinx.coroutines.scheduling.CoroutineScheduler$Worker.run(CoroutineScheduler.kt:684)
2025-06-29 22:35:41,324 [    788]   INFO - STDERR - 	Suppressed: kotlinx.coroutines.internal.DiagnosticCoroutineContextException: [CoroutineId(114), "coroutine#114":StandaloneCoroutine{Cancelling}@67283180, Dispatchers.Default]
2025-06-29 22:35:41,924 [   1388]   INFO - #c.i.i.p.n.PluginsGroupComponentWithProgress - Marketplace tab: loading stopped
2025-06-29 22:35:41,951 [   1415]   INFO - #c.i.i.p.PluginManagerConfigurable - Marketplace tab: 'Featured' group load started
2025-06-29 22:35:42,092 [   1556]   INFO - #c.i.i.p.PluginManagerConfigurable - Marketplace tab: 'Featured' group load finished
2025-06-29 22:35:42,092 [   1556]   INFO - #c.i.i.p.PluginManagerConfigurable - Marketplace tab: 'New and Updated' group load started
2025-06-29 22:35:42,228 [   1692]   INFO - #c.i.i.p.PluginManagerConfigurable - Marketplace tab: 'New and Updated' group load finished
2025-06-29 22:35:42,228 [   1692]   INFO - #c.i.i.p.PluginManagerConfigurable - Marketplace tab: 'Top Downloads' group load started
2025-06-29 22:35:42,379 [   1843]   INFO - #c.i.i.p.PluginManagerConfigurable - Marketplace tab: 'Top Downloads' group load finished
2025-06-29 22:35:42,379 [   1843]   INFO - #c.i.i.p.PluginManagerConfigurable - Marketplace tab: 'Top Rated' group load started
2025-06-29 22:35:42,508 [   1972]   INFO - #c.i.i.p.PluginManagerConfigurable - Marketplace tab: 'Top Rated' group load finished
2025-06-29 22:35:42,548 [   2012]   INFO - #c.i.o.a.i.NonBlockingReadActionImpl - OTel monitoring for NonBlockingReadAction is enabled
2025-06-29 22:35:43,709 [   3173]   WARN - JetBrains UI DSL - Row should not be empty
2025-06-29 22:35:43,846 [   3310]   INFO - #c.i.r.OsRegistryConfigProvider - Looking for 'lobbyServerUrl' value in [/Library/Application Support/JetBrains/CodeWithMe/lobbyServerUrl, /Library/Application Support/JetBrains/CodeWithMe/config.json, /Users/skarlso/Library/Application Support/JetBrains/CodeWithMe/lobbyServerUrl, /Users/skarlso/Library/Application Support/JetBrains/CodeWithMe/config.json]
2025-06-29 22:35:43,847 [   3311]   INFO - #c.i.r.OsRegistryConfigProvider - OS provided value for 'lobbyServerUrl' is not found
2025-06-29 22:35:43,847 [   3311]   INFO - #c.j.r.p.c.u.CodeWithMeSystemSettings - Setting default value='https://code-with-me.jetbrains.com'
2025-06-29 22:35:43,854 [   3318]   INFO - #c.i.r.OsRegistryConfigProvider - Looking for 'lobbyServerUrl' value in [/Library/Application Support/JetBrains/CodeWithMe/lobbyServerUrl, /Library/Application Support/JetBrains/CodeWithMe/config.json, /Users/skarlso/Library/Application Support/JetBrains/CodeWithMe/lobbyServerUrl, /Users/skarlso/Library/Application Support/JetBrains/CodeWithMe/config.json]
2025-06-29 22:35:43,854 [   3318]   INFO - #c.i.r.OsRegistryConfigProvider - OS provided value for 'lobbyServerUrl' is not found
2025-06-29 22:35:43,855 [   3319]   INFO - #c.j.r.p.c.u.CodeWithMeSystemSettings - Setting default value='https://code-with-me.jetbrains.com'
2025-06-29 22:35:44,495 [   3959]   WARN - #c.i.u.j.JBCefApp - JCEF is manually disabled in headless env via 'ide.browser.jcef.headless.enabled=false'
2025-06-29 22:35:44,499 [   3963]   INFO - #org.intellij.plugins.markdown.settings.MarkdownSettings - Migrating Markdown settings
2025-06-29 22:35:45,082 [   4546]   INFO - STDOUT - Found 223 configurables
2025-06-29 22:35:45,116 [   4580]   INFO - #c.i.i.p.n.PluginsGroupComponentWithProgress - Marketplace tab: loading stopped
2025-06-29 22:35:45,661 [   5125]   INFO - STDOUT - Output written to /Users/skarlso/goprojects/crd-to-sample-yaml/intellij-plugin/build/searchableOptions/devkit.jar!/search/devkit.jar!.searchableOptions.xml
2025-06-29 22:35:45,661 [   5125]   INFO - STDOUT - Output written to /Users/skarlso/goprojects/crd-to-sample-yaml/intellij-plugin/build/searchableOptions/textmate.jar/search/textmate.jar.searchableOptions.xml
2025-06-29 22:35:45,663 [   5127]   INFO - STDOUT - Output written to /Users/skarlso/goprojects/crd-to-sample-yaml/intellij-plugin/build/searchableOptions/markdown.jar/search/markdown.jar.searchableOptions.xml
2025-06-29 22:35:45,663 [   5127]   INFO - STDOUT - Output written to /Users/skarlso/goprojects/crd-to-sample-yaml/intellij-plugin/build/searchableOptions/IntelliLang.jar/search/IntelliLang.jar.searchableOptions.xml
2025-06-29 22:35:45,664 [   5128]   INFO - STDOUT - Output written to /Users/skarlso/goprojects/crd-to-sample-yaml/intellij-plugin/build/searchableOptions/eclipse.jar/search/eclipse.jar.searchableOptions.xml
2025-06-29 22:35:45,664 [   5128]   INFO - STDOUT - Output written to /Users/skarlso/goprojects/crd-to-sample-yaml/intellij-plugin/build/searchableOptions/tasks-core.jar/search/tasks-core.jar.searchableOptions.xml
2025-06-29 22:35:45,664 [   5128]   INFO - STDOUT - Output written to /Users/skarlso/goprojects/crd-to-sample-yaml/intellij-plugin/build/searchableOptions/sh.jar/search/sh.jar.searchableOptions.xml
2025-06-29 22:35:45,665 [   5129]   INFO - STDOUT - Output written to /Users/skarlso/goprojects/crd-to-sample-yaml/intellij-plugin/build/searchableOptions/instrumented-intellij-plugin-1.0.0.jar/search/instrumented-intellij-plugin-1.0.0.jar.searchableOptions.xml
2025-06-29 22:35:45,665 [   5129]   INFO - STDOUT - Output written to /Users/skarlso/goprojects/crd-to-sample-yaml/intellij-plugin/build/searchableOptions/java-coverage.jar/search/java-coverage.jar.searchableOptions.xml
2025-06-29 22:35:45,665 [   5129]   INFO - STDOUT - Output written to /Users/skarlso/goprojects/crd-to-sample-yaml/intellij-plugin/build/searchableOptions/devkit.jar/search/devkit.jar.searchableOptions.xml
2025-06-29 22:35:45,665 [   5129]   INFO - STDOUT - Output written to /Users/skarlso/goprojects/crd-to-sample-yaml/intellij-plugin/build/searchableOptions/java-impl.jar!/search/java-impl.jar!.searchableOptions.xml
2025-06-29 22:35:45,665 [   5129]   INFO - STDOUT - Output written to /Users/skarlso/goprojects/crd-to-sample-yaml/intellij-plugin/build/searchableOptions/javaFX.jar!/search/javaFX.jar!.searchableOptions.xml
2025-06-29 22:35:45,666 [   5130]   INFO - STDOUT - Output written to /Users/skarlso/goprojects/crd-to-sample-yaml/intellij-plugin/build/searchableOptions/searchEverywhereMl.jar/search/searchEverywhereMl.jar.searchableOptions.xml
2025-06-29 22:35:45,666 [   5130]   INFO - STDOUT - Output written to /Users/skarlso/goprojects/crd-to-sample-yaml/intellij-plugin/build/searchableOptions/idea-junit.jar!/search/idea-junit.jar!.searchableOptions.xml
2025-06-29 22:35:45,666 [   5130]   INFO - STDOUT - Output written to /Users/skarlso/goprojects/crd-to-sample-yaml/intellij-plugin/build/searchableOptions/uiDesigner.jar/search/uiDesigner.jar.searchableOptions.xml
2025-06-29 22:35:45,667 [   5131]   INFO - STDOUT - Output written to /Users/skarlso/goprojects/crd-to-sample-yaml/intellij-plugin/build/searchableOptions/javaFX.jar/search/javaFX.jar.searchableOptions.xml
2025-06-29 22:35:45,667 [   5131]   INFO - STDOUT - Output written to /Users/skarlso/goprojects/crd-to-sample-yaml/intellij-plugin/build/searchableOptions/dev.jar/search/dev.jar.searchableOptions.xml
2025-06-29 22:35:45,667 [   5131]   INFO - STDOUT - Output written to /Users/skarlso/goprojects/crd-to-sample-yaml/intellij-plugin/build/searchableOptions/space.jar/search/space.jar.searchableOptions.xml
2025-06-29 22:35:45,667 [   5131]   INFO - STDOUT - Output written to /Users/skarlso/goprojects/crd-to-sample-yaml/intellij-plugin/build/searchableOptions/cwm-plugin-terminal.jar/search/cwm-plugin-terminal.jar.searchableOptions.xml
2025-06-29 22:35:45,668 [   5132]   INFO - STDOUT - Output written to /Users/skarlso/goprojects/crd-to-sample-yaml/intellij-plugin/build/searchableOptions/vcs-svn.jar/search/vcs-svn.jar.searchableOptions.xml
2025-06-29 22:35:45,669 [   5133]   INFO - STDOUT - Output written to /Users/skarlso/goprojects/crd-to-sample-yaml/intellij-plugin/build/searchableOptions/byteCodeViewer.jar/search/byteCodeViewer.jar.searchableOptions.xml
2025-06-29 22:35:45,669 [   5133]   INFO - STDOUT - Output written to /Users/skarlso/goprojects/crd-to-sample-yaml/intellij-plugin/build/searchableOptions/testng-plugin.jar!/search/testng-plugin.jar!.searchableOptions.xml
2025-06-29 22:35:45,669 [   5133]   INFO - STDOUT - Output written to /Users/skarlso/goprojects/crd-to-sample-yaml/intellij-plugin/build/searchableOptions/android.jar!/search/android.jar!.searchableOptions.xml
2025-06-29 22:35:45,669 [   5133]   INFO - STDOUT - Output written to /Users/skarlso/goprojects/crd-to-sample-yaml/intellij-plugin/build/searchableOptions/marketplace.jar/search/marketplace.jar.searchableOptions.xml
2025-06-29 22:35:45,670 [   5134]   INFO - STDOUT - Output written to /Users/skarlso/goprojects/crd-to-sample-yaml/intellij-plugin/build/searchableOptions/maven.jar/search/maven.jar.searchableOptions.xml
2025-06-29 22:35:45,671 [   5135]   INFO - STDOUT - Output written to /Users/skarlso/goprojects/crd-to-sample-yaml/intellij-plugin/build/searchableOptions/copyright.jar/search/copyright.jar.searchableOptions.xml
2025-06-29 22:35:45,671 [   5135]   INFO - STDOUT - Output written to /Users/skarlso/goprojects/crd-to-sample-yaml/intellij-plugin/build/searchableOptions/maven.jar!/search/maven.jar!.searchableOptions.xml
2025-06-29 22:35:45,672 [   5136]   INFO - STDOUT - Output written to /Users/skarlso/goprojects/crd-to-sample-yaml/intellij-plugin/build/searchableOptions/Groovy.jar/search/Groovy.jar.searchableOptions.xml
2025-06-29 22:35:45,672 [   5136]   INFO - STDOUT - Output written to /Users/skarlso/goprojects/crd-to-sample-yaml/intellij-plugin/build/searchableOptions/gradle-java.jar/search/gradle-java.jar.searchableOptions.xml
2025-06-29 22:35:45,673 [   5137]   INFO - STDOUT - Output written to /Users/skarlso/goprojects/crd-to-sample-yaml/intellij-plugin/build/searchableOptions/terminal.jar/search/terminal.jar.searchableOptions.xml
2025-06-29 22:35:45,673 [   5137]   INFO - STDOUT - Output written to /Users/skarlso/goprojects/crd-to-sample-yaml/intellij-plugin/build/searchableOptions/antIntegration.jar/search/antIntegration.jar.searchableOptions.xml
2025-06-29 22:35:45,673 [   5137]   INFO - STDOUT - Output written to /Users/skarlso/goprojects/crd-to-sample-yaml/intellij-plugin/build/searchableOptions/performanceTesting-async.jar/search/performanceTesting-async.jar.searchableOptions.xml
2025-06-29 22:35:45,673 [   5137]   INFO - STDOUT - Output written to /Users/skarlso/goprojects/crd-to-sample-yaml/intellij-plugin/build/searchableOptions/properties.jar/search/properties.jar.searchableOptions.xml
2025-06-29 22:35:45,676 [   5140]   INFO - STDOUT - Output written to /Users/skarlso/goprojects/crd-to-sample-yaml/intellij-plugin/build/searchableOptions/java-impl.jar/search/java-impl.jar.searchableOptions.xml
2025-06-29 22:35:45,676 [   5140]   INFO - STDOUT - Output written to /Users/skarlso/goprojects/crd-to-sample-yaml/intellij-plugin/build/searchableOptions/adt-ui.jar/search/adt-ui.jar.searchableOptions.xml
2025-06-29 22:35:45,683 [   5147]   INFO - STDOUT - Output written to /Users/skarlso/goprojects/crd-to-sample-yaml/intellij-plugin/build/searchableOptions/app-client.jar/search/app-client.jar.searchableOptions.xml
2025-06-29 22:35:45,683 [   5147]   INFO - STDOUT - Output written to /Users/skarlso/goprojects/crd-to-sample-yaml/intellij-plugin/build/searchableOptions/html-tools.jar/search/html-tools.jar.searchableOptions.xml
2025-06-29 22:35:45,683 [   5147]   INFO - STDOUT - Output written to /Users/skarlso/goprojects/crd-to-sample-yaml/intellij-plugin/build/searchableOptions/vcs-perforce.jar/search/vcs-perforce.jar.searchableOptions.xml
2025-06-29 22:35:45,684 [   5148]   INFO - STDOUT - Output written to /Users/skarlso/goprojects/crd-to-sample-yaml/intellij-plugin/build/searchableOptions/java-debugger-streams.jar/search/java-debugger-streams.jar.searchableOptions.xml
2025-06-29 22:35:45,684 [   5148]   INFO - STDOUT - Output written to /Users/skarlso/goprojects/crd-to-sample-yaml/intellij-plugin/build/searchableOptions/gradle.jar/search/gradle.jar.searchableOptions.xml
2025-06-29 22:35:45,684 [   5148]   INFO - STDOUT - Output written to /Users/skarlso/goprojects/crd-to-sample-yaml/intellij-plugin/build/searchableOptions/testng-plugin.jar/search/testng-plugin.jar.searchableOptions.xml
2025-06-29 22:35:45,684 [   5148]   INFO - STDOUT - Output written to /Users/skarlso/goprojects/crd-to-sample-yaml/intellij-plugin/build/searchableOptions/grazie.jar/search/grazie.jar.searchableOptions.xml
2025-06-29 22:35:45,685 [   5149]   INFO - STDOUT - Output written to /Users/skarlso/goprojects/crd-to-sample-yaml/intellij-plugin/build/searchableOptions/qodana.jar/search/qodana.jar.searchableOptions.xml
2025-06-29 22:35:45,688 [   5152]   INFO - STDOUT - Output written to /Users/skarlso/goprojects/crd-to-sample-yaml/intellij-plugin/build/searchableOptions/app.jar/search/app.jar.searchableOptions.xml
2025-06-29 22:35:45,689 [   5153]   INFO - STDOUT - Output written to /Users/skarlso/goprojects/crd-to-sample-yaml/intellij-plugin/build/searchableOptions/android.jar/search/android.jar.searchableOptions.xml
2025-06-29 22:35:45,689 [   5153]   INFO - STDOUT - Output written to /Users/skarlso/goprojects/crd-to-sample-yaml/intellij-plugin/build/searchableOptions/completionMlRanking.jar/search/completionMlRanking.jar.searchableOptions.xml
2025-06-29 22:35:45,690 [   5154]   INFO - STDOUT - Output written to /Users/skarlso/goprojects/crd-to-sample-yaml/intellij-plugin/build/searchableOptions/java-decompiler.jar/search/java-decompiler.jar.searchableOptions.xml
2025-06-29 22:35:45,690 [   5154]   INFO - STDOUT - Output written to /Users/skarlso/goprojects/crd-to-sample-yaml/intellij-plugin/build/searchableOptions/vcs-hg.jar/search/vcs-hg.jar.searchableOptions.xml
2025-06-29 22:35:45,690 [   5154]   INFO - STDOUT - Output written to /Users/skarlso/goprojects/crd-to-sample-yaml/intellij-plugin/build/searchableOptions/xpath.jar/search/xpath.jar.searchableOptions.xml
2025-06-29 22:35:45,690 [   5154]   INFO - STDOUT - Output written to /Users/skarlso/goprojects/crd-to-sample-yaml/intellij-plugin/build/searchableOptions/performanceTesting.jar/search/performanceTesting.jar.searchableOptions.xml
2025-06-29 22:35:45,691 [   5155]   INFO - STDOUT - Output written to /Users/skarlso/goprojects/crd-to-sample-yaml/intellij-plugin/build/searchableOptions/vcs-gitlab.jar/search/vcs-gitlab.jar.searchableOptions.xml
2025-06-29 22:35:45,691 [   5155]   INFO - STDOUT - Output written to /Users/skarlso/goprojects/crd-to-sample-yaml/intellij-plugin/build/searchableOptions/cwm-common.jar/search/cwm-common.jar.searchableOptions.xml
2025-06-29 22:35:45,691 [   5155]   INFO - STDOUT - Output written to /Users/skarlso/goprojects/crd-to-sample-yaml/intellij-plugin/build/searchableOptions/java-i18n.jar/search/java-i18n.jar.searchableOptions.xml
2025-06-29 22:35:45,691 [   5155]   INFO - STDOUT - Output written to /Users/skarlso/goprojects/crd-to-sample-yaml/intellij-plugin/build/searchableOptions/Groovy.jar!/search/Groovy.jar!.searchableOptions.xml
2025-06-29 22:35:45,692 [   5156]   INFO - STDOUT - Output written to /Users/skarlso/goprojects/crd-to-sample-yaml/intellij-plugin/build/searchableOptions/emojipicker.jar/search/emojipicker.jar.searchableOptions.xml
2025-06-29 22:35:45,692 [   5156]   INFO - STDOUT - Output written to /Users/skarlso/goprojects/crd-to-sample-yaml/intellij-plugin/build/searchableOptions/toml.jar/search/toml.jar.searchableOptions.xml
2025-06-29 22:35:45,692 [   5156]   INFO - STDOUT - Output written to /Users/skarlso/goprojects/crd-to-sample-yaml/intellij-plugin/build/searchableOptions/idea-junit.jar/search/idea-junit.jar.searchableOptions.xml
2025-06-29 22:35:45,693 [   5157]   INFO - STDOUT - Output written to /Users/skarlso/goprojects/crd-to-sample-yaml/intellij-plugin/build/searchableOptions/yaml.jar/search/yaml.jar.searchableOptions.xml
2025-06-29 22:35:45,693 [   5157]   INFO - STDOUT - Output written to /Users/skarlso/goprojects/crd-to-sample-yaml/intellij-plugin/build/searchableOptions/packageChecker.jar/search/packageChecker.jar.searchableOptions.xml
2025-06-29 22:35:45,693 [   5157]   INFO - STDOUT - Output written to /Users/skarlso/goprojects/crd-to-sample-yaml/intellij-plugin/build/searchableOptions/platform-tracing-ide.jar/search/platform-tracing-ide.jar.searchableOptions.xml
2025-06-29 22:35:45,694 [   5158]   INFO - STDOUT - Output written to /Users/skarlso/goprojects/crd-to-sample-yaml/intellij-plugin/build/searchableOptions/editorconfig.jar/search/editorconfig.jar.searchableOptions.xml
2025-06-29 22:35:45,694 [   5158]   INFO - STDOUT - Output written to /Users/skarlso/goprojects/crd-to-sample-yaml/intellij-plugin/build/searchableOptions/vcs-github.jar/search/vcs-github.jar.searchableOptions.xml
2025-06-29 22:35:45,694 [   5158]   INFO - STDOUT - Output written to /Users/skarlso/goprojects/crd-to-sample-yaml/intellij-plugin/build/searchableOptions/platform-langInjection.jar/search/platform-langInjection.jar.searchableOptions.xml
2025-06-29 22:35:45,694 [   5158]   INFO - STDOUT - Output written to /Users/skarlso/goprojects/crd-to-sample-yaml/intellij-plugin/build/searchableOptions/platform-images.jar/search/platform-images.jar.searchableOptions.xml
2025-06-29 22:35:45,695 [   5159]   INFO - STDOUT - Output written to /Users/skarlso/goprojects/crd-to-sample-yaml/intellij-plugin/build/searchableOptions/vcs-git.jar/search/vcs-git.jar.searchableOptions.xml
2025-06-29 22:35:45,696 [   5160]   INFO - STDOUT - Output written to /Users/skarlso/goprojects/crd-to-sample-yaml/intellij-plugin/build/searchableOptions/kotlin-plugin.jar/search/kotlin-plugin.jar.searchableOptions.xml
2025-06-29 22:35:45,696 [   5160]   INFO - STDOUT - Output written to /Users/skarlso/goprojects/crd-to-sample-yaml/intellij-plugin/build/searchableOptions/modules.jar/search/modules.jar.searchableOptions.xml
2025-06-29 22:35:45,696 [   5160]   INFO - STDOUT - Output written to /Users/skarlso/goprojects/crd-to-sample-yaml/intellij-plugin/build/searchableOptions/indexing-shared.jar/search/indexing-shared.jar.searchableOptions.xml
2025-06-29 22:35:45,696 [   5160]   INFO - STDOUT - Output written to /Users/skarlso/goprojects/crd-to-sample-yaml/intellij-plugin/build/searchableOptions/featuresTrainer.jar/search/featuresTrainer.jar.searchableOptions.xml
2025-06-29 22:35:45,696 [   5160]   INFO - STDOUT - Output written to /Users/skarlso/goprojects/crd-to-sample-yaml/intellij-plugin/build/searchableOptions/design-tools.jar/search/design-tools.jar.searchableOptions.xml
2025-06-29 22:35:45,697 [   5161]   INFO - STDOUT - Output written to /Users/skarlso/goprojects/crd-to-sample-yaml/intellij-plugin/build/searchableOptions/kotlin-plugin.jar!/search/kotlin-plugin.jar!.searchableOptions.xml
2025-06-29 22:35:45,697 [   5161]   INFO - STDOUT - Output written to /Users/skarlso/goprojects/crd-to-sample-yaml/intellij-plugin/build/searchableOptions/cwm-host.jar/search/cwm-host.jar.searchableOptions.xml
2025-06-29 22:35:45,697 [   5161]   INFO - STDOUT - Output written to /Users/skarlso/goprojects/crd-to-sample-yaml/intellij-plugin/build/searchableOptions/gradle-java-maven.jar/search/gradle-java-maven.jar.searchableOptions.xml
2025-06-29 22:35:45,697 [   5161]   INFO - STDOUT - Output written to /Users/skarlso/goprojects/crd-to-sample-yaml/intellij-plugin/build/searchableOptions/settingsSync.jar/search/settingsSync.jar.searchableOptions.xml
2025-06-29 22:35:45,698 [   5162]   INFO - STDOUT - Searchable options index builder completed
2025-06-29 22:35:45,713 [   5177]   INFO - #o.j.i.BuiltInServer - web server stopped
2025-06-29 22:35:45,717 [   5181]   INFO - #c.j.r.p.c.p.w.s.WireStorage - Terminate Wire Storage lifetime
2025-06-29 22:35:45,717 [   5181]   INFO - #c.i.o.f.i.FileTypeDetectionService - 0 auto-detected files. Detection took 0 ms
2025-06-29 22:35:45,718 [   5182]   INFO - #c.i.u.i.FileBasedIndexImpl - Index dispose started
2025-06-29 22:35:45,731 [   5195]   INFO - #c.i.p.s.StubIndexImpl - StubIndexExtension-s were unloaded
2025-06-29 22:35:45,731 [   5195]   INFO - #c.i.p.s.SerializationManagerImpl - Start shutting down /Users/skarlso/goprojects/crd-to-sample-yaml/intellij-plugin/build/idea-sandbox/system/index/rep.names
2025-06-29 22:35:45,731 [   5195]   INFO - #c.i.p.s.SerializationManagerImpl - Finished shutting down /Users/skarlso/goprojects/crd-to-sample-yaml/intellij-plugin/build/idea-sandbox/system/index/rep.names
2025-06-29 22:35:45,731 [   5195]   INFO - #c.i.u.i.FileBasedIndexImpl - Index dispose completed in 13ms.
2025-06-29 22:35:45,803 [   5267]   INFO - #c.i.o.v.n.p.PersistentFSImpl - VFS dispose started
2025-06-29 22:35:45,805 [   5269]   INFO - #c.i.o.v.n.p.PersistentFSImpl - VFS dispose completed in 2ms.
2025-06-29 22:35:45,832 [   5296]   INFO - #c.i.i.AppStarter - ------------------------------------------------------ IDE SHUTDOWN ------------------------------------------------------
